[16-Apr-2019 12:20:33 UTC] PHP Warning:  session_start(): open(/var/www/html/sess_tmp/sess_251da2cd546798e47930f1d9d089636c, O_RDWR) failed: No such file or directory (2) in /var/www/html/modulos/base/loads/init.php on line 4
[16-Apr-2019 12:20:33 UTC] PHP Stack trace:
[16-Apr-2019 12:20:33 UTC] PHP   1. {main}() /var/www/html/index.php:0
[16-Apr-2019 12:20:33 UTC] PHP   2. require() /var/www/html/index.php:3
[16-Apr-2019 12:20:33 UTC] PHP   3. session_start() /var/www/html/modulos/base/loads/init.php:4
[16-Apr-2019 12:20:33 UTC] PHP Warning:  session_start(): Cannot send session cache limiter - headers already sent (output started at /var/www/html/modulos/base/loads/init.php:4) in /var/www/html/modulos/base/loads/init.php on line 4
[16-Apr-2019 12:20:33 UTC] PHP Stack trace:
[16-Apr-2019 12:20:33 UTC] PHP   1. {main}() /var/www/html/index.php:0
[16-Apr-2019 12:20:33 UTC] PHP   2. require() /var/www/html/index.php:3
[16-Apr-2019 12:20:33 UTC] PHP   3. session_start() /var/www/html/modulos/base/loads/init.php:4
[16-Apr-2019 12:20:36 UTC] PHP Warning:  session_start(): open(/var/www/html/sess_tmp/sess_251da2cd546798e47930f1d9d089636c, O_RDWR) failed: No such file or directory (2) in /var/www/html/modulos/base/loads/init.php on line 4
[16-Apr-2019 12:20:36 UTC] PHP Stack trace:
[16-Apr-2019 12:20:36 UTC] PHP   1. {main}() /var/www/html/index.php:0
[16-Apr-2019 12:20:36 UTC] PHP   2. require() /var/www/html/index.php:3
[16-Apr-2019 12:20:36 UTC] PHP   3. session_start() /var/www/html/modulos/base/loads/init.php:4
[16-Apr-2019 12:20:36 UTC] PHP Warning:  session_start(): Cannot send session cache limiter - headers already sent (output started at /var/www/html/modulos/base/loads/init.php:4) in /var/www/html/modulos/base/loads/init.php on line 4
[16-Apr-2019 12:20:36 UTC] PHP Stack trace:
[16-Apr-2019 12:20:36 UTC] PHP   1. {main}() /var/www/html/index.php:0
[16-Apr-2019 12:20:36 UTC] PHP   2. require() /var/www/html/index.php:3
[16-Apr-2019 12:20:36 UTC] PHP   3. session_start() /var/www/html/modulos/base/loads/init.php:4
[16-Apr-2019 12:20:36 UTC] PHP Warning:  session_start(): open(/var/www/html/sess_tmp/sess_251da2cd546798e47930f1d9d089636c, O_RDWR) failed: No such file or directory (2) in /var/www/html/modulos/base/loads/init.php on line 4
[16-Apr-2019 12:20:36 UTC] PHP Stack trace:
[16-Apr-2019 12:20:36 UTC] PHP   1. {main}() /var/www/html/index.php:0
[16-Apr-2019 12:20:36 UTC] PHP   2. require() /var/www/html/index.php:3
[16-Apr-2019 12:20:36 UTC] PHP   3. session_start() /var/www/html/modulos/base/loads/init.php:4
[16-Apr-2019 12:20:36 UTC] PHP Warning:  session_start(): Cannot send session cache limiter - headers already sent (output started at /var/www/html/modulos/base/loads/init.php:4) in /var/www/html/modulos/base/loads/init.php on line 4
[16-Apr-2019 12:20:36 UTC] PHP Stack trace:
[16-Apr-2019 12:20:36 UTC] PHP   1. {main}() /var/www/html/index.php:0
[16-Apr-2019 12:20:36 UTC] PHP   2. require() /var/www/html/index.php:3
[16-Apr-2019 12:20:36 UTC] PHP   3. session_start() /var/www/html/modulos/base/loads/init.php:4
[16-Apr-2019 12:20:38 UTC] PHP Warning:  session_start(): open(/var/www/html/sess_tmp/sess_251da2cd546798e47930f1d9d089636c, O_RDWR) failed: No such file or directory (2) in /var/www/html/modulos/base/loads/init.php on line 4
[16-Apr-2019 12:20:38 UTC] PHP Stack trace:
[16-Apr-2019 12:20:38 UTC] PHP   1. {main}() /var/www/html/index.php:0
[16-Apr-2019 12:20:38 UTC] PHP   2. require() /var/www/html/index.php:3
[16-Apr-2019 12:20:38 UTC] PHP   3. session_start() /var/www/html/modulos/base/loads/init.php:4
[16-Apr-2019 12:20:38 UTC] PHP Warning:  session_start(): Cannot send session cache limiter - headers already sent (output started at /var/www/html/modulos/base/loads/init.php:4) in /var/www/html/modulos/base/loads/init.php on line 4
[16-Apr-2019 12:20:38 UTC] PHP Stack trace:
[16-Apr-2019 12:20:38 UTC] PHP   1. {main}() /var/www/html/index.php:0
[16-Apr-2019 12:20:38 UTC] PHP   2. require() /var/www/html/index.php:3
[16-Apr-2019 12:20:38 UTC] PHP   3. session_start() /var/www/html/modulos/base/loads/init.php:4
[16-Apr-2019 12:20:38 UTC] PHP Warning:  session_start(): open(/var/www/html/sess_tmp/sess_251da2cd546798e47930f1d9d089636c, O_RDWR) failed: No such file or directory (2) in /var/www/html/modulos/base/loads/init.php on line 4
[16-Apr-2019 12:20:38 UTC] PHP Stack trace:
[16-Apr-2019 12:20:38 UTC] PHP   1. {main}() /var/www/html/index.php:0
[16-Apr-2019 12:20:38 UTC] PHP   2. require() /var/www/html/index.php:3
[16-Apr-2019 12:20:38 UTC] PHP   3. session_start() /var/www/html/modulos/base/loads/init.php:4
[16-Apr-2019 12:20:38 UTC] PHP Warning:  session_start(): Cannot send session cache limiter - headers already sent (output started at /var/www/html/modulos/base/loads/init.php:4) in /var/www/html/modulos/base/loads/init.php on line 4
[16-Apr-2019 12:20:38 UTC] PHP Stack trace:
[16-Apr-2019 12:20:38 UTC] PHP   1. {main}() /var/www/html/index.php:0
[16-Apr-2019 12:20:38 UTC] PHP   2. require() /var/www/html/index.php:3
[16-Apr-2019 12:20:38 UTC] PHP   3. session_start() /var/www/html/modulos/base/loads/init.php:4
[16-Apr-2019 14:20:31 UTC] PHP Parse error:  syntax error, unexpected ';', expecting ',' or ')' in /var/www/html/modulos/base/loads/init.php on line 138
[16-Apr-2019 14:20:32 UTC] PHP Parse error:  syntax error, unexpected ';', expecting ',' or ')' in /var/www/html/modulos/base/loads/init.php on line 138
